[Bootstrap]
SetupTitle=Install
SetupText=Copying Files, please stand by.
CabFile=ddwcp.CAB
Spawn=Setup1.exe
Uninstal=st6unst.exe
TmpDir=msftqws.pdw
Cabs=1

[Bootstrap Files]

[IconGroups]
Group0=Technical Innovations
PrivateGroup0=False
Parent0=$(Programs)

[Technical Innovations]
Icon1="ddwcp.exe"
Title1=Digital Dome Works
StartIn1=$(AppPath)

[Setup]
Title=TIDigital DomeWorks
DefaultDir=$(ProgramFiles)\TIDigital DomeWorks
AppExe=ddwcp.exe
AppToUninstall=ddwcp.exe

[Setup1 Files]
File1=@ddw5ins.doc,$(AppPath),,,6/25/08 12:10:02 PM,1930240,0.0.0.0
File2=@NGC6543A.BMP,$(AppPath),,,4/14/01 3:58:30 PM,527358,0.0.0.0
File3=@ICON2.ICO,$(AppPath),,,4/14/01 3:58:30 PM,766,0.0.0.0
File4=@ICON1.ICO,$(AppPath),,,4/14/01 3:58:30 PM,766,0.0.0.0
File5=@COMCT232.OCX,$(WinSysPath),$(DLLSelfRegister),$(Shared),11/19/02 8:01:48 PM,167424,6.0.80.22
File6=@COMDLG32.OCX,$(WinSysPath),$(DLLSelfRegister),$(Shared),3/9/04 12:00:00 AM,152848,6.1.97.82
File7=@MSCOMM32.OCX,$(WinSysPath),$(DLLSelfRegister),$(Shared),6/24/98 12:00:00 AM,103744,6.0.81.69
File8=@comctl32.ocx,$(WinSysPath),$(DLLSelfRegister),$(Shared),5/22/00 4:58:00 PM,608448,6.0.81.5
File9=@mswinsck.ocx,$(WinSysPath),$(DLLSelfRegister),$(Shared),12/6/00 1:02:20 PM,109248,6.0.89.88
File10=@Helper.dll,$(WinSysPath),$(DLLSelfRegister),$(Shared),10/9/07 12:38:02 PM,135168,5.0.0.4
File11=@MSSTDFMT.DLL,$(WinSysPath),$(DLLSelfRegister),$(Shared),7/15/00 12:00:00 AM,118784,6.0.88.4
File12=@msbind.dll,$(WinSysPath),$(DLLSelfRegister),$(Shared),5/11/00 1:06:22 PM,77824,6.0.88.62
File13=@msado20.tlb,$(WinSysPath),,$(Shared),4/13/08 12:26:08 PM,61440,2.81.1132.0
File14=@weatherlink.dll,$(AppPath),,,4/1/99 11:33:44 AM,164352,0.0.0.0
File15=@VantagePro.dll,$(AppPath),,,11/2/01 1:32:22 PM,254029,0.0.0.0
File16=@ddwcp.exe,$(AppPath),$(EXESelfRegister),,12/2/08 8:20:31 PM,978944,5.2.0.0

; The following lines may be deleted in order to obtain extra 
; space for customizing this file on a full installation diskette.
; 
; XXXXXXXXXXXXXXXXXXXXXXXXXXXXXXXXXXXXXXXXXXXXXXXXXXXXXXXXXXXX
; XXXXXXXXXXXXXXXXXXXXXXXXXXXXXXXXXXXXXXXXXXXXXXXXXXXXXXXXXXXX
; XXXXXXXXXXXXXXXXXXXXXXXXXXXXXXXXXXXXXXXXXXXXXXXXXXXXXXXXXXXX
; XXXXXXXXXXXXXXXXXXXXXXXXXXXXXXXXXXXXXXXXXXXXXXXXXXXXXXXXXXXX
; XXXXXXXXXXXXXXXXXXXXXXXXXXXXXXXXXXXXXXXXXXXXXXXXXXXXXXXXXXXX
; XXXXXXXXXXXXXXXXXXXXXXXXXXXXXXXXXXXXXXXXXXXXXXXXXXXXXXXXXXXX
; XXXXXXXXXXXXXXXXXXXXXXXXXXXXXXXXXXXXXXXXXXXXXXXXXXXXXXXXXXXX
; XXXXXXXXXXXXXXXXXXXXXXXXXXXXXXXXXXXXXXXXXXXXXXXXXXXXXXXXXXXX
; XXXXXXXXXXXXXXXXXXXXXXXXXXXXXXXXXXXXXXXXXXXXXXXXXXXXXXXXXXXX
; XXXXXXXXXXXXXXXXXXXXXXXXXXXXXXXXXXXXXXXXXXXXXXXXXXXXXXXXXXXX
; XXXXXXXXXXXXXXXXXXXXXXXXXXXXXXXXXXXXXXXXXXXXXXXXXXXXXXXXXXXX
; XXXXXXXXXXXXXXXXXXXXXXXXXXXXXXXXXXXXXXXXXXXXXXXXXXXXXXXXXXXX
; XXXXXXXXXXXXXXXXXXXXXXXXXXXXXXXXXXXXXXXXXXXXXXXXXXXXXXXXXXXX
; XXXXXXXXXXXXXXXXXXXXXXXXXXXXXXXXXXXXXXXXXXXXXXXXXXXXXXXXXXXX
; XXXXXXXXXXXXXXXXXXXXXXXXXXXXXXXXXXXXXXXXXXXXXXXXXXXXXXXXXXXX
; XXXXXXXXXXXXXXXXXXXXXXXXXXXXXXXXXXXXXXXXXXXXXXXXXXXXXXXXXXXX
; XXXXXXXXXXXXXXXXXXXXXXXXXXXXXXXXXXXXXXXXXXXXXXXXXXXXXXXXXXXX
; XXXXXXXXXXXXXXXXXXXXXXXXXXXXXXXXXXXXXXXXXXXXXXXXXXXXXXXXXXXX
; XXXXXXXXXXXXXXXXXXXXXXXXXXXXXXXXXXXXXXXXXXXXXXXXXXXXXXXXXXXX
; XXXXXXXXXXXXXXXXXXXXXXXXXXXXXXXXXXXXXXXXXXXXXXXXXXXXXXXXXXXX
; XXXXXXXXXXXXXXXXXXXXXXXXXXXXXXXXXXXXXXXXXXXXXXXXXXXXXXXXXXXX
; XXXXXXXXXXXXXXXXXXXXXXXXXXXXXXXXXXXXXXXXXXXXXXXXXXXXXXXXXXXX
; XXXXXXXXXXXXXXXXXXXXXXXXXXXXXXXXXXXXXXXXXXXXXXXXXXXXXXXXXXXX
; XXXXXXXXXXXXXXXXXXXXXXXXXXXXXXXXXXXXXXXXXXXXXXXXXXXXXXXXXXXX
; XXXXXXXXXXXXXXXXXXXXXXXXXXXXXXXXXXXXXXXXXXXXXXXXXXXXXXXXXXXX
; XXXXXXXXXXXXXXXXXXXXXXXXXXXXXXXXXXXXXXXXXXXXXXXXXXXXXXXXXXXX
; XXXXXXXXXXXXXXXXXXXXXXXXXXXXXXXXXXXXXXXXXXXXXXXXXXXXXXXXXXXX
; XXXXXXXXXXXXXXXXXXXXXXXXXXXXXXXXXXXXXXXXXXXXXXXXXXXXXXXXXXXX
; XXXXXXXXXXXXXXXXXXXXXXXXXXXXXXXXXXXXXXXXXXXXXXXXXXXXXXXXXXXX
; XXXXXXXXXXXXXXXXXXXXXXXXXXXXXXXXXXXXXXXXXXXXXXXXXXXXXXXXXXXX
; XXXXXXXXXXXXXXXXXXXXXXXXXXXXXXXXXXXXXXXXXXXXXXXXXXXXXXXXXXXX
; XXXXXXXXXXXXXXXXXXXXXXXXXXXXXXXXXXXXXXXXXXXXXXXXXXXXXXXXXXXX
; XXXXXXXXXXXXXXXXXXXXXXXXXXXXXXXXXXXXXXXXXXXXXXXXXXXXXXXXXXXX
; XXXXXXXXXXXXXXXXXXXXXXXXXXXXXXXXXXXXXXXXXXXXXXXXXXXXXXXXXXXX
; XXXXXXXXXXXXXXXXXXXXXXXXXXXXXXXXXXXXXXXXXXXXXXXXXXXXXXXXXXXX
